Using pre-set license
Built from '2020.3/staging' branch; Version is '2020.3.26f1 (7298b473bc1a) revision 7510196'; Using compiler version '192528614'; Build Type 'Release'
OS: 'Windows 10  (10.0.19042) 64bit Professional' Language: 'en' Physical Memory: 32716 MB
BatchMode: 1, IsHumanControllingUs: 0, StartBugReporterOnCrash: 0, Is64bit: 1, IsPro: 0

COMMAND LINE ARGUMENTS:
C:\Program Files\Unity\Hub\Editor\2020.3.26f1\Editor\Unity.exe
-adb2
-batchMode
-noUpm
-name
AssetImportWorker0
-projectPath
C:/Users/NOSOU/OneDrive/Desktop/Cubethon
-logFile
Logs/AssetImportWorker0.log
-srvPort
57699
Successfully changed project path to: C:/Users/NOSOU/OneDrive/Desktop/Cubethon
C:/Users/NOSOU/OneDrive/Desktop/Cubethon
Using Asset Import Pipeline V2.
Refreshing native plugins compatible for Editor in 28.68 ms, found 2 plugins.
Preloading 0 native plugins for Editor in 0.00 ms.
Initialize engine version: 2020.3.26f1 (7298b473bc1a)
[Subsystems] Discovering subsystems at path C:/Program Files/Unity/Hub/Editor/2020.3.26f1/Editor/Data/Resources/UnitySubsystems
[Subsystems] Discovering subsystems at path C:/Users/NOSOU/OneDrive/Desktop/Cubethon/Assets
GfxDevice: creating device client; threaded=0
Direct3D:
    Version:  Direct3D 11.0 [level 11.1]
    Renderer: NVIDIA GeForce GTX 1660 (ID=0x2184)
    Vendor:   
    VRAM:     5991 MB
    Driver:   30.0.15.1179
Initialize mono
Mono path[0] = 'C:/Program Files/Unity/Hub/Editor/2020.3.26f1/Editor/Data/Managed'
Mono path[1] = 'C:/Program Files/Unity/Hub/Editor/2020.3.26f1/Editor/Data/MonoBleedingEdge/lib/mono/unityjit'
Mono config path = 'C:/Program Files/Unity/Hub/Editor/2020.3.26f1/Editor/Data/MonoBleedingEdge/etc'
Using monoOptions --debugger-agent=transport=dt_socket,embedding=1,server=y,suspend=n,address=127.0.0.1:56500
Begin MonoManager ReloadAssembly
Registering precompiled unity dll's ...
Register platform support module: C:/Program Files/Unity/Hub/Editor/2020.3.26f1/Editor/Data/PlaybackEngines/WebGLSupport/UnityEditor.WebGL.Extensions.dll
Register platform support module: C:/Program Files/Unity/Hub/Editor/2020.3.26f1/Editor/Data/PlaybackEngines/WindowsStandaloneSupport/UnityEditor.WindowsStandalone.Extensions.dll
Registered in 0.002159 seconds.
Native extension for WindowsStandalone target not found
Native extension for WebGL target not found
Refreshing native plugins compatible for Editor in 29.03 ms, found 2 plugins.
Preloading 0 native plugins for Editor in 0.00 ms.
Mono: successfully reloaded assembly
- Completed reload, in  0.494 seconds
Domain Reload Profiling:
	ReloadAssembly (494ms)
		BeginReloadAssembly (45ms)
			ExecutionOrderSort (0ms)
			DisableScriptedObjects (0ms)
			BackupInstance (0ms)
			ReleaseScriptingObjects (0ms)
			CreateAndSetChildDomain (1ms)
		EndReloadAssembly (382ms)
			LoadAssemblies (43ms)
			RebuildTransferFunctionScriptingTraits (0ms)
			SetupTypeCache (141ms)
			ReleaseScriptCaches (0ms)
			RebuildScriptCaches (28ms)
			SetupLoadedEditorAssemblies (130ms)
				LogAssemblyErrors (0ms)
				InitializePlatformSupportModulesInManaged (5ms)
				SetLoadedEditorAssemblies (0ms)
				RefreshPlugins (29ms)
				BeforeProcessingInitializeOnLoad (7ms)
				ProcessInitializeOnLoadAttributes (66ms)
				ProcessInitializeOnLoadMethodAttributes (23ms)
				AfterProcessingInitializeOnLoad (0ms)
				EditorAssembliesLoaded (0ms)
			ExecutionOrderSort2 (0ms)
			AwakeInstancesAfterBackupRestoration (0ms)
Platform modules already initialized, skipping
Registering precompiled user dll's ...
Registered in 0.004822 seconds.
Begin MonoManager ReloadAssembly
Native extension for WindowsStandalone target not found
Native extension for WebGL target not found
Refreshing native plugins compatible for Editor in 0.58 ms, found 2 plugins.
Preloading 0 native plugins for Editor in 0.00 ms.
Mono: successfully reloaded assembly
- Completed reload, in  1.106 seconds
Domain Reload Profiling:
	ReloadAssembly (1107ms)
		BeginReloadAssembly (134ms)
			ExecutionOrderSort (0ms)
			DisableScriptedObjects (4ms)
			BackupInstance (0ms)
			ReleaseScriptingObjects (0ms)
			CreateAndSetChildDomain (18ms)
		EndReloadAssembly (836ms)
			LoadAssemblies (91ms)
			RebuildTransferFunctionScriptingTraits (0ms)
			SetupTypeCache (329ms)
			ReleaseScriptCaches (1ms)
			RebuildScriptCaches (41ms)
			SetupLoadedEditorAssemblies (282ms)
				LogAssemblyErrors (0ms)
				InitializePlatformSupportModulesInManaged (6ms)
				SetLoadedEditorAssemblies (1ms)
				RefreshPlugins (1ms)
				BeforeProcessingInitializeOnLoad (56ms)
				ProcessInitializeOnLoadAttributes (202ms)
				ProcessInitializeOnLoadMethodAttributes (10ms)
				AfterProcessingInitializeOnLoad (7ms)
				EditorAssembliesLoaded (0ms)
			ExecutionOrderSort2 (0ms)
			AwakeInstancesAfterBackupRestoration (7ms)
Platform modules already initialized, skipping
========================================================================
Worker process is ready to serve import requests
Launched and connected shader compiler UnityShaderCompiler.exe after 0.06 seconds
Refreshing native plugins compatible for Editor in 0.39 ms, found 2 plugins.
Preloading 0 native plugins for Editor in 0.00 ms.
Unloading 1511 Unused Serialized files (Serialized files now loaded: 0)
System memory in use before: 67.8 MB.
System memory in use after: 67.8 MB.

Unloading 19 unused Assets to reduce memory usage. Loaded Objects now: 1944.
Total: 2.975100 ms (FindLiveObjects: 0.307700 ms CreateObjectMapping: 0.036000 ms MarkObjects: 2.561100 ms  DeleteObjects: 0.069100 ms)

AssetImportParameters requested are different than current active one (requested -> active):
  custom:framework-win-MediaFoundation: 216162199b28c13a410421893ffa2e32 -> 
  custom:video-decoder-ogg-theora: a1e56fd34408186e4bbccfd4996cb3dc -> 
  custom:container-muxer-webm: aa71ff27fc2769a1b78a27578f13a17b -> 
  custom:container-demuxer-webm: 4f35f7cbe854078d1ac9338744f61a02 -> 
  custom:container-demuxer-ogg: 62fdf1f143b41e24485cea50d1cbac27 -> 
  custom:video-encoder-webm-vp8: eb34c28f22e8b96e1ab97ce403110664 -> 
  custom:video-decoder-webm-vp8: 9c59270c3fd7afecdb556c50c9e8de78 -> 
  custom:audio-decoder-ogg-vorbis: bf7c407c2cedff20999df2af8eb42d56 -> 
  custom:audio-encoder-webm-vorbis: bf7c407c2cedff20999df2af8eb42d56 -> 
========================================================================
Received Import Request.
  path: Assets/Scripts/Credits.cs
  artifactKey: Guid(022c8675be0e83d4ba75b919adaf6f3d) Importer(815301076,1909f56bfc062723c751e8b465ee728b)
Start importing Assets/Scripts/Credits.cs using Guid(022c8675be0e83d4ba75b919adaf6f3d) Importer(815301076,1909f56bfc062723c751e8b465ee728b)  -> (artifact id: '3715c2f3e4b0825612598b06ee0803c8') in 0.036761 seconds 
  Import took 0.039334 seconds .

========================================================================
Received Import Request.
  Time since last request: 116.437259 seconds.
  path: Assets/Scripts/GameManager.cs
  artifactKey: Guid(e422c8af20a0bd041904f8c4a9aced1b) Importer(815301076,1909f56bfc062723c751e8b465ee728b)
Start importing Assets/Scripts/GameManager.cs using Guid(e422c8af20a0bd041904f8c4a9aced1b) Importer(815301076,1909f56bfc062723c751e8b465ee728b)  -> (artifact id: '48ee32e40c350241e0d88b6dc6dd7da5') in 0.008061 seconds 
  Import took 0.010592 seconds .

========================================================================
Received Import Request.
  Time since last request: 9.103227 seconds.
  path: Assets/Scripts/GameManager.cs
  artifactKey: Guid(e422c8af20a0bd041904f8c4a9aced1b) Importer(815301076,1909f56bfc062723c751e8b465ee728b)
Start importing Assets/Scripts/GameManager.cs using Guid(e422c8af20a0bd041904f8c4a9aced1b) Importer(815301076,1909f56bfc062723c751e8b465ee728b)  -> (artifact id: '96f9b70dd2638003ea8eb646d2b8383f') in 0.003342 seconds 
  Import took 0.006181 seconds .

========================================================================
Received Import Request.
  Time since last request: 21.469063 seconds.
  path: Assets/Scripts/PlayerCollision.cs
  artifactKey: Guid(45007ae100db4bb4f9ec20a288778ec0) Importer(815301076,1909f56bfc062723c751e8b465ee728b)
Start importing Assets/Scripts/PlayerCollision.cs using Guid(45007ae100db4bb4f9ec20a288778ec0) Importer(815301076,1909f56bfc062723c751e8b465ee728b)  -> (artifact id: 'e4e368d1dd3630e008d6347434723a6a') in 0.007132 seconds 
  Import took 0.009588 seconds .

========================================================================
Received Import Request.
  Time since last request: 12.063160 seconds.
  path: Assets/Scripts/PlayerCollision.cs
  artifactKey: Guid(45007ae100db4bb4f9ec20a288778ec0) Importer(815301076,1909f56bfc062723c751e8b465ee728b)
Start importing Assets/Scripts/PlayerCollision.cs using Guid(45007ae100db4bb4f9ec20a288778ec0) Importer(815301076,1909f56bfc062723c751e8b465ee728b)  -> (artifact id: '898d2ca028d48b9bd1e91eb421e1201d') in 0.001955 seconds 
  Import took 0.004490 seconds .

========================================================================
Received Import Request.
  Time since last request: 27.481516 seconds.
  path: Assets/Scripts/PlayerMovement.cs
  artifactKey: Guid(5429e6c1f01822245929d58012493fe0) Importer(815301076,1909f56bfc062723c751e8b465ee728b)
Start importing Assets/Scripts/PlayerMovement.cs using Guid(5429e6c1f01822245929d58012493fe0) Importer(815301076,1909f56bfc062723c751e8b465ee728b)  -> (artifact id: 'd12a88d70a831a9442eb0d1b8ca4516c') in 0.006694 seconds 
  Import took 0.009134 seconds .

========================================================================
Received Import Request.
  Time since last request: 43.911893 seconds.
  path: Assets/Scripts/LevelComplete.cs
  artifactKey: Guid(618d1266dcf8820489cebfa2f625cc63) Importer(815301076,1909f56bfc062723c751e8b465ee728b)
Start importing Assets/Scripts/LevelComplete.cs using Guid(618d1266dcf8820489cebfa2f625cc63) Importer(815301076,1909f56bfc062723c751e8b465ee728b)  -> (artifact id: '01ccabd88b97f5ba5e1c7ea12f4d3da2') in 0.008240 seconds 
  Import took 0.011392 seconds .

========================================================================
Received Import Request.
  Time since last request: 20.265954 seconds.
  path: Assets/Scripts/LevelComplete.cs
  artifactKey: Guid(618d1266dcf8820489cebfa2f625cc63) Importer(815301076,1909f56bfc062723c751e8b465ee728b)
Start importing Assets/Scripts/LevelComplete.cs using Guid(618d1266dcf8820489cebfa2f625cc63) Importer(815301076,1909f56bfc062723c751e8b465ee728b)  -> (artifact id: 'a4be47d4dbbbb8c80d3acc6aa3bb8fec') in 0.001825 seconds 
  Import took 0.004823 seconds .

========================================================================
Received Import Request.
  Time since last request: 100.968474 seconds.
  path: Assets/Scripts/Credits.cs
  artifactKey: Guid(022c8675be0e83d4ba75b919adaf6f3d) Importer(815301076,1909f56bfc062723c751e8b465ee728b)
Start importing Assets/Scripts/Credits.cs using Guid(022c8675be0e83d4ba75b919adaf6f3d) Importer(815301076,1909f56bfc062723c751e8b465ee728b)  -> (artifact id: '77e62c7ce7f8553837452d43d05587ff') in 0.003257 seconds 
  Import took 0.006008 seconds .

========================================================================
Received Import Request.
  Time since last request: 41.004465 seconds.
  path: Assets/Scripts/Credits.cs
  artifactKey: Guid(022c8675be0e83d4ba75b919adaf6f3d) Importer(815301076,1909f56bfc062723c751e8b465ee728b)
Start importing Assets/Scripts/Credits.cs using Guid(022c8675be0e83d4ba75b919adaf6f3d) Importer(815301076,1909f56bfc062723c751e8b465ee728b)  -> (artifact id: '7d11bd2f5c7beff81bdbc8557a799862') in 0.003524 seconds 
  Import took 0.006190 seconds .

========================================================================
Received Import Request.
  Time since last request: 273.700677 seconds.
  path: Assets/Scripts/Credits.cs
  artifactKey: Guid(022c8675be0e83d4ba75b919adaf6f3d) Importer(815301076,1909f56bfc062723c751e8b465ee728b)
Start importing Assets/Scripts/Credits.cs using Guid(022c8675be0e83d4ba75b919adaf6f3d) Importer(815301076,1909f56bfc062723c751e8b465ee728b)  -> (artifact id: '4f0fd324d7b5d992f32647b19e4f21b6') in 0.003334 seconds 
  Import took 0.007915 seconds .

========================================================================
Received Import Request.
  Time since last request: 284.551273 seconds.
  path: Assets/credits.cs
  artifactKey: Guid(98e918c3bbd7b444c96fb81662499c3b) Importer(815301076,1909f56bfc062723c751e8b465ee728b)
Start importing Assets/credits.cs using Guid(98e918c3bbd7b444c96fb81662499c3b) Importer(815301076,1909f56bfc062723c751e8b465ee728b)  -> (artifact id: '40a65ac85d0b8df98b22597c0f03a491') in 0.007015 seconds 
  Import took 0.009890 seconds .

========================================================================
Received Import Request.
  Time since last request: 8.590131 seconds.
  path: Assets/endcredits.cs
  artifactKey: Guid(98e918c3bbd7b444c96fb81662499c3b) Importer(815301076,1909f56bfc062723c751e8b465ee728b)
Start importing Assets/endcredits.cs using Guid(98e918c3bbd7b444c96fb81662499c3b) Importer(815301076,1909f56bfc062723c751e8b465ee728b)  -> (artifact id: '262571942e24f7305fd039f684ff58e4') in 0.007289 seconds 
  Import took 0.010046 seconds .

AssetImportWorkerClient::OnTransportError - code=2 error=End of file
